Build started 6/24/2013 2:19:01 PM.
     1>Project "D:\hercules\Hercules\afk\afk.vcxproj" on node 3 (rebuild target(s)).
     1>C:\Program Files\MSBuild\Microsoft.Cpp\v4.0\Microsoft.CppBuild.targets(299,5): warning MSB8004: Output Directory does not end with a trailing slash.  This build instance will add the slash as it is required to allow proper evaluation of the Output Directory.
     1>InitializeBuildStatus:
         Creating "afk\afk.unsuccessfulbuild" because "AlwaysCreate" was specified.
       ClCompile:
         D:\Microsoft Visual C++ 2010\VC\bin\CL.exe /c /I..\src\common /I..\3rdparty\msinttypes\include /ZI /nologo /W3 /WX- /Od /Oy- /D _WINDLL /D _MBCS /Gm /EHsc /RTC1 /MDd /GS /fp:precise /Zc:wchar_t /Zc:forScope /Fo"afk\\" /Fd"afk\vc100.pdb" /Gd /TC /analyze- /errorReport:prompt ..\src\plugins\afk.c
         afk.c
       Link:
         D:\Microsoft Visual C++ 2010\VC\bin\link.exe /ERRORREPORT:PROMPT /OUT:"..\plugins\\afk.dll" /NOLOGO kernel32.lib user32.lib gdi32.lib winspool.lib comdlg32.lib advapi32.lib shell32.lib ole32.lib oleaut32.lib uuid.lib odbc32.lib odbccp32.lib /MANIFEST /ManifestFile:"afk\afk.dll.intermediate.manifest" /MANIFESTUAC:"level='asInvoker' uiAccess='false'" /DEBUG /PDB:"D:\hercules\Hercules\plugins\afk.pdb" /TLBID:1 /DYNAMICBASE /NXCOMPAT /IMPLIB:"..\plugins\afk.lib" /MACHINE:X86 /DLL afk\afk.obj
            Creating library ..\plugins\afk.lib and object ..\plugins\afk.exp
         afk.vcxproj -> D:\hercules\Hercules\afk\..\plugins\afk.dll
       Manifest:
         C:\Program Files\Microsoft SDKs\Windows\v7.0A\bin\mt.exe /nologo /verbose /outputresource:"..\plugins\\afk.dll;#2" /manifest afk\afk.dll.intermediate.manifest
       FinalizeBuildStatus:
         Deleting file "afk\afk.unsuccessfulbuild".
         Touching "afk\afk.lastbuildstate".
     1>Done Building Project "D:\hercules\Hercules\afk\afk.vcxproj" (rebuild target(s)).

Build succeeded.

Time Elapsed 00:00:06.54
